c:\important affair\code\zfcoj 分治基础算法练习-第k个数（快速选择算法模板题）\zfcoj 分治\x64\debug\vc143.pdb
c:\important affair\code\zfcoj 分治基础算法练习-第k个数（快速选择算法模板题）\zfcoj 分治\x64\debug\vc143.idb
c:\important affair\code\zfcoj 分治基础算法练习-第k个数（快速选择算法模板题）\zfcoj 分治\x64\debug\问题c基础算法练习-第k个数（快速选择算法模板题）.obj
c:\important affair\code\zfcoj 分治基础算法练习-第k个数（快速选择算法模板题）\x64\debug\zfcoj 分治.exe
c:\important affair\code\zfcoj 分治基础算法练习-第k个数（快速选择算法模板题）\x64\debug\zfcoj 分治.pdb
c:\important affair\code\zfcoj 分治基础算法练习-第k个数（快速选择算法模板题）\zfcoj 分治\x64\debug\zfcoj 分治.ilk
c:\important affair\code\zfcoj\zfcoj 分治\x64\debug\问题c基础算法练习-第k个数（快速选择算法模板题）.obj
c:\important affair\code\zfcoj\zfcoj 分治\x64\debug\zfcoj 分治.ilk
c:\important affair\code\zfcoj\zfcoj 分治\x64\debug\vc143.idb
c:\important affair\code\zfcoj\zfcoj 分治\x64\debug\vc143.pdb
c:\important affair\code\zfcoj\x64\debug\zfcoj 分治.pdb
c:\important affair\code\zfcoj\x64\debug\zfcoj 分治.exe
c:\important affair\code\zfcoj\zfcoj 分治\x64\debug\zfcoj 分治.tlog\cl.command.1.tlog
c:\important affair\code\zfcoj\zfcoj 分治\x64\debug\zfcoj 分治.tlog\cl.items.tlog
c:\important affair\code\zfcoj\zfcoj 分治\x64\debug\zfcoj 分治.tlog\cl.read.1.tlog
c:\important affair\code\zfcoj\zfcoj 分治\x64\debug\zfcoj 分治.tlog\cl.write.1.tlog
c:\important affair\code\zfcoj\zfcoj 分治\x64\debug\zfcoj 分治.tlog\link.command.1.tlog
c:\important affair\code\zfcoj\zfcoj 分治\x64\debug\zfcoj 分治.tlog\link.read.1.tlog
c:\important affair\code\zfcoj\zfcoj 分治\x64\debug\zfcoj 分治.tlog\link.secondary.1.tlog
c:\important affair\code\zfcoj\zfcoj 分治\x64\debug\zfcoj 分治.tlog\link.write.1.tlog
